2023-11-17 16:13:34 info: =================================
2023-11-17 16:13:34 info: ======= ENV: development =======
2023-11-17 16:13:34 info: 🚀 App listening on the port 3000
2023-11-17 16:13:34 info: =================================
2023-11-17 16:14:42 info: [0mGET /me [32m200[0m 45.174 ms - -[0m
2023-11-17 16:16:17 info: =================================
2023-11-17 16:16:17 info: ======= ENV: development =======
2023-11-17 16:16:17 info: 🚀 App listening on the port 3000
2023-11-17 16:16:17 info: =================================
2023-11-17 16:18:44 error: [POST] /signup >> StatusCode:: 400, Message:: name should not be empty,name must be a string, password must be shorter than or equal to 32 characters,password must be longer than or equal to 9 characters,password should not be empty,password must be a string
2023-11-17 16:18:44 info: [0mPOST /signup [33m400[0m 291.192 ms - 226[0m
2023-11-17 16:20:16 error: [POST] /signup >> StatusCode:: 400, Message:: password must be longer than or equal to 9 characters
2023-11-17 16:20:16 info: [0mPOST /signup [33m400[0m 9.119 ms - 67[0m
2023-11-17 16:20:33 info: [0mPOST /signup [32m201[0m 2392.899 ms - 268[0m
2023-11-17 16:24:22 info: [0mGET /login [33m404[0m 300.306 ms - 144[0m
2023-11-17 16:24:35 error: [POST] /login >> StatusCode:: 400, Message:: name should not be empty,name must be a string, password must be longer than or equal to 9 characters
2023-11-17 16:24:35 info: [0mPOST /login [33m400[0m 288.645 ms - 115[0m
2023-11-17 16:26:48 error: [POST] /login >> StatusCode:: 400, Message:: name should not be empty,name must be a string
2023-11-17 16:26:48 info: [0mPOST /login [33m400[0m 6.396 ms - 60[0m
2023-11-17 16:34:42 error: [POST] /login >> StatusCode:: 400, Message:: email must be an email, name should not be empty,name must be a string, password must be shorter than or equal to 32 characters,password must be longer than or equal to 9 characters,password should not be empty,password must be a string
2023-11-17 16:34:42 info: [0mPOST /login [33m400[0m 86.598 ms - 250[0m
2023-11-17 16:36:26 info: =================================
2023-11-17 16:36:26 info: ======= ENV: development =======
2023-11-17 16:36:26 info: 🚀 App listening on the port 3000
2023-11-17 16:36:26 info: =================================
2023-11-17 16:37:29 info: =================================
2023-11-17 16:37:29 info: ======= ENV: development =======
2023-11-17 16:37:29 info: 🚀 App listening on the port 3000
2023-11-17 16:37:29 info: =================================
2023-11-17 16:38:10 info: =================================
2023-11-17 16:38:10 info: ======= ENV: development =======
2023-11-17 16:38:10 info: 🚀 App listening on the port 3000
2023-11-17 16:38:10 info: =================================
2023-11-17 16:38:19 error: [POST] /login >> StatusCode:: 400, Message:: email must be an email, name should not be empty,name must be a string, password must be shorter than or equal to 32 characters,password must be longer than or equal to 9 characters,password should not be empty,password must be a string
2023-11-17 16:38:19 info: [0mPOST /login [33m400[0m 28.215 ms - 250[0m
2023-11-17 16:38:46 info: =================================
2023-11-17 16:38:46 info: ======= ENV: development =======
2023-11-17 16:38:46 info: 🚀 App listening on the port 3000
2023-11-17 16:38:46 info: =================================
2023-11-17 16:38:54 info: =================================
2023-11-17 16:38:54 info: ======= ENV: development =======
2023-11-17 16:38:54 info: 🚀 App listening on the port 3000
2023-11-17 16:38:54 info: =================================
2023-11-17 16:40:20 info: =================================
2023-11-17 16:40:20 info: ======= ENV: development =======
2023-11-17 16:40:20 info: 🚀 App listening on the port 3000
2023-11-17 16:40:20 info: =================================
2023-11-17 16:40:45 info: =================================
2023-11-17 16:40:45 info: ======= ENV: development =======
2023-11-17 16:40:45 info: 🚀 App listening on the port 3000
2023-11-17 16:40:45 info: =================================
2023-11-17 16:40:50 info: =================================
2023-11-17 16:40:50 info: ======= ENV: development =======
2023-11-17 16:40:50 info: 🚀 App listening on the port 3000
2023-11-17 16:40:50 info: =================================
2023-11-17 16:41:12 info: =================================
2023-11-17 16:41:12 info: ======= ENV: development =======
2023-11-17 16:41:12 info: 🚀 App listening on the port 3000
2023-11-17 16:41:12 info: =================================
2023-11-17 16:41:20 info: =================================
2023-11-17 16:41:20 info: ======= ENV: development =======
2023-11-17 16:41:20 info: 🚀 App listening on the port 3000
2023-11-17 16:41:20 info: =================================
2023-11-17 16:41:24 info: =================================
2023-11-17 16:41:24 info: ======= ENV: development =======
2023-11-17 16:41:24 info: 🚀 App listening on the port 3000
2023-11-17 16:41:24 info: =================================
2023-11-17 16:41:40 info: =================================
2023-11-17 16:41:40 info: ======= ENV: development =======
2023-11-17 16:41:40 info: 🚀 App listening on the port 3000
2023-11-17 16:41:40 info: =================================
2023-11-17 16:41:46 info: =================================
2023-11-17 16:41:46 info: ======= ENV: development =======
2023-11-17 16:41:46 info: 🚀 App listening on the port 3000
2023-11-17 16:41:46 info: =================================
2023-11-17 16:41:56 info: =================================
2023-11-17 16:41:56 info: ======= ENV: development =======
2023-11-17 16:41:56 info: 🚀 App listening on the port 3000
2023-11-17 16:41:56 info: =================================
2023-11-17 16:42:00 info: =================================
2023-11-17 16:42:00 info: ======= ENV: development =======
2023-11-17 16:42:00 info: 🚀 App listening on the port 3000
2023-11-17 16:42:00 info: =================================
2023-11-17 16:42:02 error: [POST] /login >> StatusCode:: 400, Message:: email must be an email, name should not be empty,name must be a string, password must be shorter than or equal to 32 characters,password must be longer than or equal to 9 characters,password should not be empty,password must be a string
2023-11-17 16:42:02 info: [0mPOST /login [33m400[0m 21.814 ms - 250[0m
2023-11-17 16:42:13 error: [POST] /login >> StatusCode:: 400, Message:: email must be an email, name should not be empty,name must be a string, password must be shorter than or equal to 32 characters,password must be longer than or equal to 9 characters,password should not be empty,password must be a string
2023-11-17 16:42:13 info: [0mPOST /login [33m400[0m 6.955 ms - 250[0m
2023-11-17 16:43:52 info: =================================
2023-11-17 16:43:52 info: ======= ENV: development =======
2023-11-17 16:43:52 info: 🚀 App listening on the port 3000
2023-11-17 16:43:52 info: =================================
2023-11-17 16:44:00 error: [POST] /login >> StatusCode:: 400, Message:: email must be an email, name should not be empty,name must be a string, password must be shorter than or equal to 32 characters,password must be longer than or equal to 9 characters,password should not be empty,password must be a string
2023-11-17 16:44:00 info: [0mPOST /login [33m400[0m 20.485 ms - 250[0m
2023-11-17 16:54:22 error: [POST] /login >> StatusCode:: 400, Message:: email must be an email, name should not be empty,name must be a string, password must be shorter than or equal to 32 characters,password must be longer than or equal to 9 characters,password should not be empty,password must be a string
2023-11-17 16:54:22 info: [0mPOST /login [33m400[0m 820.884 ms - 250[0m
2023-11-17 16:55:30 info: =================================
2023-11-17 16:55:30 info: ======= ENV: development =======
2023-11-17 16:55:30 info: 🚀 App listening on the port 3000
2023-11-17 16:55:30 info: =================================
2023-11-17 16:55:36 error: [POST] /login >> StatusCode:: 400, Message:: email must be an email, name should not be empty,name must be a string, password must be shorter than or equal to 32 characters,password must be longer than or equal to 9 characters,password should not be empty,password must be a string
2023-11-17 16:55:36 info: [0mPOST /login [33m400[0m 20.807 ms - 250[0m
2023-11-17 16:55:48 info: =================================
2023-11-17 16:55:48 info: ======= ENV: development =======
2023-11-17 16:55:48 info: 🚀 App listening on the port 3000
2023-11-17 16:55:48 info: =================================
2023-11-17 16:55:59 info: =================================
2023-11-17 16:55:59 info: ======= ENV: development =======
2023-11-17 16:55:59 info: 🚀 App listening on the port 3000
2023-11-17 16:55:59 info: =================================
2023-11-17 16:56:00 error: [POST] /login >> StatusCode:: 400, Message:: email must be an email, name should not be empty,name must be a string, password must be shorter than or equal to 32 characters,password must be longer than or equal to 9 characters,password should not be empty,password must be a string
2023-11-17 16:56:00 info: [0mPOST /login [33m400[0m 25.831 ms - 250[0m
2023-11-17 16:57:44 info: =================================
2023-11-17 16:57:44 info: ======= ENV: development =======
2023-11-17 16:57:44 info: 🚀 App listening on the port 3000
2023-11-17 16:57:44 info: =================================
2023-11-17 16:57:46 error: [POST] /login >> StatusCode:: 400, Message:: email must be an email, name should not be empty,name must be a string, password must be shorter than or equal to 32 characters,password must be longer than or equal to 9 characters,password should not be empty,password must be a string
2023-11-17 16:57:46 info: [0mPOST /login [33m400[0m 21.858 ms - 250[0m
2023-11-17 17:00:35 info: =================================
2023-11-17 17:00:35 info: ======= ENV: development =======
2023-11-17 17:00:35 info: 🚀 App listening on the port 3000
2023-11-17 17:00:35 info: =================================
2023-11-17 17:00:35 error: [POST] /login >> StatusCode:: 400, Message:: email must be an email, name should not be empty,name must be a string, password must be shorter than or equal to 32 characters,password must be longer than or equal to 9 characters,password should not be empty,password must be a string
2023-11-17 17:00:35 info: [0mPOST /login [33m400[0m 20.188 ms - 250[0m
2023-11-17 17:36:07 info: =================================
2023-11-17 17:36:07 info: ======= ENV: development =======
2023-11-17 17:36:07 info: 🚀 App listening on the port 3000
2023-11-17 17:36:07 info: =================================
2023-11-17 17:36:42 error: [POST] /login >> StatusCode:: 400, Message:: name should not be empty,name must be a string
2023-11-17 17:36:42 info: [0mPOST /login [33m400[0m 135.681 ms - 60[0m
2023-11-17 18:22:36 error: [POST] /login >> StatusCode:: 400, Message:: name should not be empty,name must be a string
2023-11-17 18:22:36 info: [0mPOST /login [33m400[0m 8.107 ms - 60[0m
2023-11-17 18:23:34 info: =================================
2023-11-17 18:23:34 info: ======= ENV: development =======
2023-11-17 18:23:34 info: 🚀 App listening on the port 3000
2023-11-17 18:23:34 info: =================================
2023-11-17 18:24:15 info: =================================
2023-11-17 18:24:15 info: ======= ENV: development =======
2023-11-17 18:24:15 info: 🚀 App listening on the port 3000
2023-11-17 18:24:15 info: =================================
2023-11-17 18:24:21 info: [0mPOST /login [32m200[0m 1545.187 ms - 267[0m
2023-11-17 18:25:26 info: =================================
2023-11-17 18:25:26 info: ======= ENV: development =======
2023-11-17 18:25:26 info: 🚀 App listening on the port 3000
2023-11-17 18:25:26 info: =================================
2023-11-17 18:26:38 info: [0mGET /users [32m200[0m 398.652 ms - 271[0m
2023-11-17 18:48:05 info: =================================
2023-11-17 18:48:05 info: ======= ENV: development =======
2023-11-17 18:48:05 info: 🚀 App listening on the port 3000
2023-11-17 18:48:05 info: =================================
2023-11-17 18:51:10 info: =================================
2023-11-17 18:51:10 info: ======= ENV: development =======
2023-11-17 18:51:10 info: 🚀 App listening on the port 3000
2023-11-17 18:51:10 info: =================================
2023-11-17 18:51:32 info: [0mPOST /login [32m200[0m 1477.084 ms - 267[0m
2023-11-17 18:51:51 info: [0mGET /user/974ba1f1-451b-43d8-8d74-8e42980a5274 [33m404[0m 6.414 ms - 180[0m
2023-11-17 18:53:31 info: =================================
2023-11-17 18:53:31 info: ======= ENV: development =======
2023-11-17 18:53:31 info: 🚀 App listening on the port 3000
2023-11-17 18:53:31 info: =================================
2023-11-17 18:53:50 info: [0mGET /user/974ba1f1-451b-43d8-8d74-8e42980a5274 [33m404[0m 16.536 ms - 180[0m
2023-11-17 18:54:04 info: [0mGET /users/974ba1f1-451b-43d8-8d74-8e42980a5274 [33m404[0m 2.410 ms - 181[0m
2023-11-17 18:54:21 info: =================================
2023-11-17 18:54:21 info: ======= ENV: development =======
2023-11-17 18:54:21 info: 🚀 App listening on the port 3000
2023-11-17 18:54:21 info: =================================
2023-11-17 18:54:36 info: =================================
2023-11-17 18:54:36 info: ======= ENV: development =======
2023-11-17 18:54:36 info: 🚀 App listening on the port 3000
2023-11-17 18:54:36 info: =================================
2023-11-17 18:54:40 info: =================================
2023-11-17 18:54:40 info: ======= ENV: development =======
2023-11-17 18:54:40 info: 🚀 App listening on the port 3000
2023-11-17 18:54:40 info: =================================
2023-11-17 18:55:11 info: [0mGET /users/974ba1f1-451b-43d8-8d74-8e42980a5274 [33m404[0m 14.680 ms - 181[0m
2023-11-17 18:55:17 info: [0mGET /users/974ba1f1-451b-43d8-8d74-8e42980a5274 [33m404[0m 1.964 ms - 181[0m
2023-11-17 18:55:50 info: =================================
2023-11-17 18:55:50 info: ======= ENV: development =======
2023-11-17 18:55:50 info: 🚀 App listening on the port 3000
2023-11-17 18:55:50 info: =================================
2023-11-17 18:56:01 info: =================================
2023-11-17 18:56:01 info: ======= ENV: development =======
2023-11-17 18:56:01 info: 🚀 App listening on the port 3000
2023-11-17 18:56:01 info: =================================
2023-11-17 18:56:44 info: =================================
2023-11-17 18:56:44 info: ======= ENV: development =======
2023-11-17 18:56:44 info: 🚀 App listening on the port 3000
2023-11-17 18:56:44 info: =================================
2023-11-17 18:56:46 info: [0mGET /users/974ba1f1-451b-43d8-8d74-8e42980a5274 [33m404[0m 9.435 ms - 181[0m
2023-11-17 19:46:39 info: [0mGET /api-docs [36m301[0m 1069.203 ms - 183[0m
2023-11-17 19:46:40 info: [0mGET /api-docs/ [32m200[0m 376.655 ms - -[0m
2023-11-17 19:47:05 info: [0mGET /users/974ba1f1-451b-43d8-8d74-8e42980a5274 [33m404[0m 40.449 ms - 181[0m
2023-11-17 19:47:15 info: [0mGET /api-docs [36m301[0m 3.585 ms - 183[0m
2023-11-17 19:47:15 info: [0mGET /api-docs/ [32m200[0m 8.845 ms - -[0m
2023-11-17 19:47:16 info: [0mGET /api-docs/swagger-ui-init.js [32m200[0m 2.225 ms - -[0m
2023-11-17 19:47:16 info: [0mGET /api-docs/swagger-ui.css [32m200[0m 490.129 ms - -[0m
2023-11-17 19:47:16 info: [0mGET /api-docs/swagger-ui-standalone-preset.js [32m200[0m 437.548 ms - -[0m
2023-11-17 19:47:17 info: [0mGET /api-docs/swagger-ui-bundle.js [32m200[0m 424.870 ms - -[0m
2023-11-17 19:47:20 info: [0mGET /api-docs/favicon-32x32.png [32m200[0m 3.931 ms - -[0m
2023-11-17 19:47:20 info: [0mGET /api-docs/favicon-16x16.png [32m200[0m 3.788 ms - -[0m
2023-11-17 19:47:30 info: [0mGET /api-docs/favicon-32x32.png [36m304[0m 3.318 ms - -[0m
2023-11-17 19:47:30 info: [0mGET /api-docs/favicon-16x16.png [36m304[0m 1.538 ms - -[0m
2023-11-17 19:47:39 info: [0mGET /users [32m200[0m 1518.598 ms - 271[0m
2023-11-17 19:47:50 info: [0mGET /api-docs/favicon-32x32.png [36m304[0m 3.013 ms - -[0m
2023-11-17 19:47:50 info: [0mGET /api-docs/favicon-16x16.png [36m304[0m 2.617 ms - -[0m
2023-11-17 19:51:23 info: [0mGET /api-docs/ [36m304[0m 4.344 ms - -[0m
2023-11-17 19:51:23 info: [0mGET /api-docs/swagger-ui-init.js [36m304[0m 1.207 ms - -[0m
2023-11-17 19:51:23 info: [0mGET /api-docs/swagger-ui-bundle.js [36m304[0m 6.989 ms - -[0m
2023-11-17 19:51:23 info: [0mGET /api-docs/swagger-ui-standalone-preset.js [36m304[0m 4.252 ms - -[0m
2023-11-17 19:51:23 info: [0mGET /api-docs/swagger-ui.css [36m304[0m 2.049 ms - -[0m
2023-11-17 19:51:24 info: [0mGET /api-docs/favicon-32x32.png [36m304[0m 16.770 ms - -[0m
2023-11-17 19:51:24 info: [0mGET /api-docs/favicon-16x16.png [36m304[0m 4.260 ms - -[0m
2023-11-17 19:51:35 info: [0mGET /api-docs/ [36m304[0m 5.745 ms - -[0m
2023-11-17 19:51:36 info: [0mGET /api-docs/swagger-ui.css [36m304[0m 5.489 ms - -[0m
2023-11-17 19:51:36 info: [0mGET /api-docs/swagger-ui-bundle.js [36m304[0m 22.236 ms - -[0m
2023-11-17 19:51:36 info: [0mGET /api-docs/swagger-ui-standalone-preset.js [36m304[0m 2.079 ms - -[0m
2023-11-17 19:51:36 info: [0mGET /api-docs/swagger-ui-init.js [36m304[0m 1.279 ms - -[0m
2023-11-17 19:51:36 info: [0mGET /api-docs/favicon-32x32.png [36m304[0m 2.149 ms - -[0m
2023-11-17 19:51:36 info: [0mGET /api-docs/favicon-16x16.png [36m304[0m 2.483 ms - -[0m
2023-11-17 19:51:39 info: [0mGET /api-docs/favicon-32x32.png [36m304[0m 4.868 ms - -[0m
2023-11-17 19:51:39 info: [0mGET /api-docs/favicon-16x16.png [36m304[0m 12.086 ms - -[0m
2023-11-17 19:52:18 info: =================================
2023-11-17 19:52:18 info: ======= ENV: development =======
2023-11-17 19:52:18 info: 🚀 App listening on the port 3000
2023-11-17 19:52:18 info: =================================
2023-11-17 19:52:22 info: [0mGET /api-docs/ [36m304[0m 22.211 ms - -[0m
2023-11-17 19:52:22 info: [0mGET /api-docs/swagger-ui.css [36m304[0m 16.072 ms - -[0m
2023-11-17 19:52:22 info: [0mGET /api-docs/swagger-ui-bundle.js [36m304[0m 13.382 ms - -[0m
2023-11-17 19:52:22 info: [0mGET /api-docs/swagger-ui-standalone-preset.js [36m304[0m 3.376 ms - -[0m
2023-11-17 19:52:22 info: [0mGET /api-docs/swagger-ui-init.js [32m200[0m 9.938 ms - -[0m
2023-11-17 19:52:22 info: [0mGET /api-docs/favicon-32x32.png [36m304[0m 3.683 ms - -[0m
2023-11-17 19:52:22 info: [0mGET /api-docs/favicon-16x16.png [36m304[0m 3.389 ms - -[0m
2023-11-17 19:52:33 info: [0mGET /users/974ba1f1-451b-43d8-8d74-8e42980a5274 [33m404[0m 4.847 ms - 181[0m
2023-11-17 20:09:16 info: [0mGET /api-docs/favicon-32x32.png [36m304[0m 396.951 ms - -[0m
2023-11-17 20:09:17 info: [0mGET /api-docs/favicon-16x16.png [36m304[0m 3.463 ms - -[0m
2023-11-17 20:09:18 info: [0mGET /api-docs/favicon-32x32.png [36m304[0m 3.682 ms - -[0m
2023-11-17 20:09:18 info: [0mGET /api-docs/favicon-16x16.png [36m304[0m 4.818 ms - -[0m
2023-11-17 20:09:54 info: [0mGET /users/974ba1f1-451b-43d8-8d74-8e42980a5274 [33m404[0m 3.089 ms - 181[0m
2023-11-17 20:11:33 info: =================================
2023-11-17 20:11:33 info: ======= ENV: development =======
2023-11-17 20:11:33 info: 🚀 App listening on the port 3000
2023-11-17 20:11:33 info: =================================
2023-11-17 20:11:54 info: =================================
2023-11-17 20:11:54 info: ======= ENV: development =======
2023-11-17 20:11:54 info: 🚀 App listening on the port 3000
2023-11-17 20:11:54 info: =================================
2023-11-17 20:12:10 info: =================================
2023-11-17 20:12:10 info: ======= ENV: development =======
2023-11-17 20:12:10 info: 🚀 App listening on the port 3000
2023-11-17 20:12:10 info: =================================
2023-11-17 20:12:17 info: [0mGET /users/974ba1f1-451b-43d8-8d74-8e42980a5274 [33m404[0m 18.930 ms - 181[0m
2023-11-17 20:12:22 info: [0mGET /users/974ba1f1-451b-43d8-8d74-8e42980a5274 [33m404[0m 3.882 ms - 181[0m
2023-11-17 20:12:32 info: [0mPOST /login [32m200[0m 1217.641 ms - 267[0m
2023-11-17 20:12:37 info: [0mGET /users/974ba1f1-451b-43d8-8d74-8e42980a5274 [33m404[0m 2.192 ms - 181[0m
2023-11-17 20:13:22 info: =================================
2023-11-17 20:13:22 info: ======= ENV: development =======
2023-11-17 20:13:22 info: 🚀 App listening on the port 3000
2023-11-17 20:13:22 info: =================================
2023-11-17 20:13:27 info: [0mPOST /login [32m200[0m 376.668 ms - 267[0m
2023-11-17 20:13:31 info: [0mGET /users/974ba1f1-451b-43d8-8d74-8e42980a5274 [33m404[0m 5.487 ms - 181[0m
2023-11-17 20:42:25 info: [0mGET /users/974ba1f1 [33m404[0m 169.764 ms - 153[0m
2023-11-17 20:42:40 info: [0mGET /users/ [32m200[0m 1658.227 ms - 271[0m
2023-11-17 20:44:48 info: [0mGET /users/974ba1f1-451b-43d8-8d74-8e42980a5274 [33m404[0m 1.269 ms - 181[0m
2023-11-17 20:45:31 info: =================================
2023-11-17 20:45:31 info: ======= ENV: development =======
2023-11-17 20:45:31 info: 🚀 App listening on the port 3000
2023-11-17 20:45:31 info: =================================
2023-11-17 20:46:00 info: =================================
2023-11-17 20:46:00 info: ======= ENV: development =======
2023-11-17 20:46:00 info: 🚀 App listening on the port 3000
2023-11-17 20:46:00 info: =================================
2023-11-17 20:46:03 info: [0mGET /users/ [32m200[0m 666.094 ms - 271[0m
2023-11-17 20:46:09 info: [0mGET /users/974ba1f1-451b-43d8-8d74-8e42980a5274 [32m200[0m 77.660 ms - 269[0m
2023-11-17 20:46:38 info: =================================
2023-11-17 20:46:38 info: ======= ENV: development =======
2023-11-17 20:46:38 info: 🚀 App listening on the port 3000
2023-11-17 20:46:38 info: =================================
2023-11-17 20:46:38 info: [0mGET /users/974ba1f1-451b-43d8-8d74-8e42980a5274 [33m404[0m 11.686 ms - 181[0m
2023-11-17 20:47:01 info: =================================
2023-11-17 20:47:01 info: ======= ENV: development =======
2023-11-17 20:47:01 info: 🚀 App listening on the port 3000
2023-11-17 20:47:01 info: =================================
2023-11-17 20:47:04 info: [0mGET /users/974ba1f1-451b-43d8-8d74-8e42980a5274 [33m404[0m 8.649 ms - 181[0m
2023-11-17 20:47:13 info: =================================
2023-11-17 20:47:13 info: ======= ENV: development =======
2023-11-17 20:47:13 info: 🚀 App listening on the port 3000
2023-11-17 20:47:13 info: =================================
2023-11-17 20:47:15 info: [0mGET /users/974ba1f1-451b-43d8-8d74-8e42980a5274 [33m404[0m 9.597 ms - 181[0m
2023-11-17 20:51:08 info: =================================
2023-11-17 20:51:08 info: ======= ENV: development =======
2023-11-17 20:51:08 info: 🚀 App listening on the port 3000
2023-11-17 20:51:08 info: =================================
2023-11-17 20:51:16 info: [0mGET /users/974ba1f1-451b-43d8-8d74-8e42980a5274 [32m200[0m 1219.297 ms - 269[0m
2023-11-17 20:51:35 info: [0mGET /users/974ba1f1-451b-43d8-8d74-8e42980a527 [33m404[0m 5.884 ms - 180[0m
2023-11-17 20:51:44 error: [GET] /users/974ba1f1-451b-43d8-8d74-8e42980a5272 >> StatusCode:: 409, Message:: User doesn't exist
2023-11-17 20:51:44 info: [0mGET /users/974ba1f1-451b-43d8-8d74-8e42980a5272 [33m409[0m 339.101 ms - 32[0m
2023-11-17 20:54:48 info: =================================
2023-11-17 20:54:48 info: ======= ENV: development =======
2023-11-17 20:54:48 info: 🚀 App listening on the port 3000
2023-11-17 20:54:48 info: =================================
2023-11-17 20:54:51 info: [0mGET /api-docs/ [36m304[0m 21.061 ms - -[0m
2023-11-17 20:54:52 info: [0mGET /api-docs/swagger-ui.css [36m304[0m 7.079 ms - -[0m
2023-11-17 20:54:52 info: [0mGET /api-docs/swagger-ui-init.js [36m304[0m 1.965 ms - -[0m
2023-11-17 20:54:52 info: [0mGET /api-docs/swagger-ui-standalone-preset.js [36m304[0m 6.663 ms - -[0m
2023-11-17 20:54:52 info: [0mGET /api-docs/swagger-ui-bundle.js [36m304[0m 7.695 ms - -[0m
2023-11-17 20:54:55 info: [0mGET /api-docs/favicon-32x32.png [36m304[0m 1.646 ms - -[0m
2023-11-17 20:54:55 info: [0mGET /api-docs/favicon-16x16.png [36m304[0m 1.411 ms - -[0m
2023-11-17 21:00:10 error: [PUT] /users/974ba1f1-451b-43d8-8d74-8e42980a5274 >> StatusCode:: 500, Message:: data and salt arguments required
2023-11-17 21:00:10 info: [0mPUT /users/974ba1f1-451b-43d8-8d74-8e42980a5274 [31m500[0m 2730.402 ms - 46[0m
2023-11-17 21:00:34 info: [0mGET /api-docs/favicon-32x32.png [36m304[0m 21.260 ms - -[0m
2023-11-17 21:00:34 info: [0mGET /api-docs/favicon-16x16.png [36m304[0m 2.780 ms - -[0m
2023-11-17 21:00:37 info: [0mGET /api-docs/favicon-32x32.png [36m304[0m 2.785 ms - -[0m
2023-11-17 21:00:37 info: [0mGET /api-docs/favicon-16x16.png [36m304[0m 3.129 ms - -[0m
2023-11-17 21:00:38 info: [0mGET /api-docs/favicon-32x32.png [36m304[0m 3.150 ms - -[0m
2023-11-17 21:00:39 info: [0mGET /api-docs/favicon-16x16.png [36m304[0m 2.037 ms - -[0m
2023-11-17 21:00:43 info: [0mGET /api-docs/favicon-32x32.png [36m304[0m 2.673 ms - -[0m
2023-11-17 21:00:43 info: [0mGET /api-docs/favicon-16x16.png [36m304[0m 8.677 ms - -[0m
2023-11-17 21:00:44 info: [0mGET /api-docs/favicon-32x32.png [36m304[0m 8.863 ms - -[0m
2023-11-17 21:00:44 info: [0mGET /api-docs/favicon-16x16.png [36m304[0m 2.191 ms - -[0m
2023-11-17 21:03:28 info: =================================
2023-11-17 21:03:28 info: ======= ENV: development =======
2023-11-17 21:03:28 info: 🚀 App listening on the port 3000
2023-11-17 21:03:28 info: =================================
2023-11-17 21:03:59 info: =================================
2023-11-17 21:03:59 info: ======= ENV: development =======
2023-11-17 21:03:59 info: 🚀 App listening on the port 3000
2023-11-17 21:03:59 info: =================================
2023-11-17 21:04:02 error: [PUT] /users/974ba1f1-451b-43d8-8d74-8e42980a5274 >> StatusCode:: 500, Message:: data and salt arguments required
2023-11-17 21:04:02 info: [0mPUT /users/974ba1f1-451b-43d8-8d74-8e42980a5274 [31m500[0m 1010.043 ms - 46[0m
2023-11-17 21:04:29 info: =================================
2023-11-17 21:04:29 info: ======= ENV: development =======
2023-11-17 21:04:29 info: 🚀 App listening on the port 3000
2023-11-17 21:04:29 info: =================================
2023-11-17 21:04:47 error: [PUT] /users/974ba1f1-451b-43d8-8d74-8e42980a5274 >> StatusCode:: 500, Message:: data and salt arguments required
2023-11-17 21:04:47 info: [0mPUT /users/974ba1f1-451b-43d8-8d74-8e42980a5274 [31m500[0m 1109.644 ms - 46[0m
2023-11-17 21:05:45 info: =================================
2023-11-17 21:05:45 info: ======= ENV: development =======
2023-11-17 21:05:45 info: 🚀 App listening on the port 3000
2023-11-17 21:05:45 info: =================================
2023-11-17 21:05:48 error: [PUT] /users/974ba1f1-451b-43d8-8d74-8e42980a5274 >> StatusCode:: 500, Message:: data and salt arguments required
2023-11-17 21:05:48 info: [0mPUT /users/974ba1f1-451b-43d8-8d74-8e42980a5274 [31m500[0m 276.342 ms - 46[0m
2023-11-17 21:08:12 info: =================================
2023-11-17 21:08:12 info: ======= ENV: development =======
2023-11-17 21:08:12 info: 🚀 App listening on the port 3000
2023-11-17 21:08:12 info: =================================
2023-11-17 21:09:40 error: [PUT] /users/974ba1f1-451b-43d8-8d74-8e42980a5274 >> StatusCode:: 400, Message:: password must be shorter than or equal to 32 characters,password must be longer than or equal to 9 characters,password must be a string
2023-11-17 21:09:40 info: [0mPUT /users/974ba1f1-451b-43d8-8d74-8e42980a5274 [33m400[0m 151.681 ms - 149[0m
2023-11-17 21:10:35 info: =================================
2023-11-17 21:10:35 info: ======= ENV: development =======
2023-11-17 21:10:35 info: 🚀 App listening on the port 3000
2023-11-17 21:10:35 info: =================================
2023-11-17 21:12:01 info: =================================
2023-11-17 21:12:01 info: ======= ENV: development =======
2023-11-17 21:12:01 info: 🚀 App listening on the port 3000
2023-11-17 21:12:01 info: =================================
2023-11-17 21:53:43 info: =================================
2023-11-17 21:53:43 info: ======= ENV: development =======
2023-11-17 21:53:43 info: 🚀 App listening on the port 3000
2023-11-17 21:53:43 info: =================================
2023-11-17 21:54:00 error: [PUT] /users/974ba1f1-451b-43d8-8d74-8e42980a5274 >> StatusCode:: 500, Message:: data and salt arguments required
2023-11-17 21:54:00 info: [0mPUT /users/974ba1f1-451b-43d8-8d74-8e42980a5274 [31m500[0m 1045.192 ms - 46[0m
2023-11-17 21:54:54 info: [0mPOST /login [32m200[0m 333.428 ms - 267[0m
2023-11-17 21:55:02 info: [0mPUT /users/974ba1f1-451b-43d8-8d74-8e42980a5274 [32m200[0m 334.267 ms - 275[0m
